[1593736330.599204]:Request
[1593736330.599258]:Request
[1593736330.599303]:Request
[1593736330.599313]:Request
[1593736330.599384]:Request
[1593736330.599440]:Request
[1593736330.599449]:Request
[1593736330.599581]:Request
[1593736330.599591]:Request
[1593736330.599581]:Request
[1593736330.599677]:Request
[1593736330.599687]:Request
[1593736330.599761]:Request
[1593736330.599771]:Request
[1593736330.599838]:Request
[1593736330.599851]:Request
[1593736330.799368]:Request
[1593736330.799393]:Request
[1593736330.799717]:Request
[1593736330.799972]:Request
[1593736330.799982]:Request
[1593736330.799993]:Request
[1593736330.800015]:Request
[1593736330.800031]:Request
[1593736330.800001]:Request
[1593736330.800009]:Request
[1593736330.800019]:Request
[1593736330.800021]:Request
[1593736330.800029]:Request
[1593736330.799980]:Request
[1593736330.799976]:Request
[1593736330.800038]:Request
[1593736330.999503]:Request
[1593736330.999527]:Request
[1593736330.999837]:Request
[1593736331.000095]:Request
[1593736331.000107]:Request
[1593736331.000108]:Request
[1593736331.000115]:Request
[1593736331.000126]:Request
[1593736331.000156]:Request
[1593736331.000160]:Request
[1593736331.000167]:Request
[1593736331.000169]:Request
[1593736331.000172]:Request
[1593736331.000216]:Request
[1593736331.000217]:Request
[1593736331.000226]:Request
[1593736331.199637]:Request
[1593736331.199660]:Request
[1593736331.199958]:Request
[1593736331.200216]:Request
[1593736331.200226]:Request
[1593736331.200236]:Request
[1593736331.200232]:Request
[1593736331.200291]:Request
[1593736331.200292]:Request
[1593736331.200294]:Request
[1593736331.200297]:Request
[1593736331.200300]:Request
[1593736331.200308]:Request
[1593736331.200314]:Request
[1593736331.200344]:Request
[1593736331.200369]:Request
[1593736331.399769]:Request
[1593736331.399791]:Request
[1593736331.400079]:Request
[1593736331.400340]:Request
[1593736331.400350]:Request
[1593736331.400343]:Request
[1593736331.400340]:Request
[1593736331.400416]:Request
[1593736331.400426]:Request
[1593736331.400437]:Request
[1593736331.400432]:Request
[1593736331.400435]:Request
[1593736331.400470]:Request
[1593736331.400488]:Request
[1593736331.400483]:Request
[1593736331.400473]:Request
[1593736331.599901]:Request
[1593736331.600199]:Request
[1593736331.600463]:Request
[1593736331.600473]:Request
[1593736331.600484]:Request
[1593736331.600476]:Request
[1593736331.600538]:Request
[1593736331.600549]:Request
[1593736331.600541]:Request
[1593736331.600544]:Request
[1593736331.600538]:Request
[1593736331.600555]:Request
[1593736331.600608]:Request
[1593736331.600618]:Request
[1593736331.600619]:Request
[1593736331.800031]:Request
[1593736331.800321]:Request
[1593736331.800586]:Request
[1593736331.800597]:Request
[1593736331.800590]:Request
[1593736331.800586]:Request
[1593736331.800665]:Request
[1593736331.800675]:Request
[1593736331.800667]:Request
[1593736331.800670]:Request
[1593736331.800680]:Request
[1593736331.800665]:Request
[1593736331.800730]:Request
[1593736331.800728]:Request
[1593736331.800738]:Request
[1593736332.000161]:Request
[1593736332.000446]:Request
[1593736332.000711]:Request
[1593736332.000721]:Request
[1593736332.000731]:Request
[1593736332.000723]:Request
[1593736332.000791]:Request
[1593736332.000803]:Request
[1593736332.000794]:Request
[1593736332.000797]:Request
[1593736332.000791]:Request
[1593736332.000808]:Request
[1593736332.000863]:Request
[1593736332.000855]:Request
[1593736332.000868]:Request
[1593736332.200291]:Request
[1593736332.200568]:Request
[1593736332.200835]:Request
[1593736332.200846]:Request
[1593736332.200836]:Request
[1593736332.200839]:Request
[1593736332.200918]:Request
[1593736332.200929]:Request
[1593736332.200921]:Request
[1593736332.200923]:Request
[1593736332.200918]:Request
[1593736332.200935]:Request
[1593736332.200988]:Request
[1593736332.200998]:Request
[1593736332.200998]:Request
[1593736332.400419]:Request
[1593736332.400689]:Request
[1593736332.400958]:Request
[1593736332.400968]:Request
[1593736332.400970]:Request
[1593736332.400977]:Request
[1593736332.401044]:Request
[1593736332.401045]:Request
[1593736332.401048]:Request
[1593736332.401110]:Request
[1593736332.401056]:Request
[1593736332.401061]:Request
[1593736332.401107]:Request
[1593736332.401050]:Request
[1593736332.401115]:Request
[1593736332.600810]:Request
[1593736332.601078]:Request
[1593736332.601088]:Request
[1593736332.601098]:Request
[1593736332.601094]:Request
[1593736332.601159]:Request
[1593736332.601161]:Request
[1593736332.601227]:Request
[1593736332.601238]:Request
[1593736332.601229]:Request
[1593736332.601232]:Request
[1593736332.601241]:Request
[1593736332.601227]:Request
[1593736332.601287]:Request
[1593736332.800941]:Request
[1593736332.801160]:Request
[1593736332.801221]:Request
[1593736332.801232]:Request
[1593736332.801238]:Request
[1593736332.801278]:Request
[1593736332.801294]:Request
[1593736332.801353]:Request
[1593736332.801366]:Request
[1593736332.801356]:Request
[1593736332.801359]:Request
[1593736332.801353]:Request
[1593736332.801412]:Request
[1593736332.801370]:Request
[1593736333.001071]:Request
[1593736333.001281]:Request
[1593736333.001339]:Request
[1593736333.001349]:Request
[1593736333.001370]:Request
[1593736333.001382]:Request
[1593736333.001395]:Request
[1593736333.001481]:Request
[1593736333.001496]:Request
[1593736333.001485]:Request
[1593736333.001487]:Request
[1593736333.001498]:Request
[1593736333.001504]:Request
[1593736333.001481]:Request
[1593736333.201161]:Request
[1593736333.201402]:Request
[1593736333.201458]:Request
[1593736333.201468]:Request
[1593736333.201492]:Request
[1593736333.201504]:Request
[1593736333.201512]:Request
[1593736333.201609]:Request
[1593736333.201622]:Request
[1593736333.201611]:Request
[1593736333.201614]:Request
[1593736333.201623]:Request
[1593736333.201609]:Request
[1593736333.201670]:Request
[1593736333.401521]:Request
[1593736333.401575]:Request
[1593736333.401586]:Request
[1593736333.401613]:Request
[1593736333.401626]:Request
[1593736333.401635]:Request
[1593736333.401732]:Request
[1593736333.401751]:Request
[1593736333.401735]:Request
[1593736333.401745]:Request
[1593736333.401788]:Request
[1593736333.401782]:Request
[1593736333.401732]:Request
[1593736333.601652]:Request
[1593736333.601673]:Request
[1593736333.601703]:Request
[1593736333.601713]:Request
[1593736333.601735]:Request
[1593736333.601748]:Request
[1593736333.601865]:Request
[1593736333.601878]:Request
[1593736333.601868]:Request
[1593736333.601871]:Request
[1593736333.601865]:Request
[1593736333.601882]:Request
[1593736333.601932]:Request
[1593736333.801787]:Request
[1593736333.801787]:Request
[1593736333.801793]:Request
[1593736333.801800]:Request
[1593736333.801856]:Request
[1593736333.801866]:Request
[1593736333.801991]:Request
[1593736333.802002]:Request
[1593736333.801994]:Request
[1593736333.801996]:Request
[1593736333.801991]:Request
[1593736333.802049]:Request
[1593736333.802007]:Request
[1593736334.001927]:Request
[1593736334.001927]:Request
[1593736334.001943]:Request
[1593736334.001946]:Request
[1593736334.001948]:Request
[1593736334.001977]:Request
[1593736334.002119]:Request
[1593736334.002130]:Request
[1593736334.002122]:Request
[1593736334.002125]:Request
[1593736334.002120]:Request
[1593736334.002136]:Request
[1593736334.002189]:Request
[1593736334.202067]:Request
[1593736334.202068]:Request
[1593736334.202072]:Request
[1593736334.202074]:Request
[1593736334.202081]:Request
[1593736334.202120]:Request
[1593736334.202248]:Request
[1593736334.202249]:Request
[1593736334.202252]:Request
[1593736334.202254]:Request
[1593736334.202256]:Request
[1593736334.202263]:Request
[1593736334.202268]:Request
[1593736334.402195]:Request
[1593736334.402223]:Request
[1593736334.402199]:Request
[1593736334.402203]:Request
[1593736334.402217]:Request
[1593736334.402373]:Request
[1593736334.402385]:Request
[1593736334.402376]:Request
[1593736334.402379]:Request
[1593736334.402374]:Request
[1593736334.402390]:Request
[1593736334.402426]:Request
[1593736334.602338]:Request
[1593736334.602338]:Request
[1593736334.602353]:Request
[1593736334.602356]:Request
[1593736334.602359]:Request
[1593736334.602500]:Request
[1593736334.602512]:Request
[1593736334.602503]:Request
[1593736334.602506]:Request
[1593736334.602500]:Request
[1593736334.602518]:Request
[1593736334.602561]:Request
[1593736334.802477]:Request
[1593736334.802491]:Request
[1593736334.802496]:Request
[1593736334.802506]:Request
[1593736334.802533]:Request
[1593736334.802630]:Request
[1593736334.802642]:Request
[1593736334.802655]:Request
[1593736334.802666]:Request
[1593736334.802682]:Request
[1593736334.802698]:Request
[1593736334.802712]:Request
[1593736335.002616]:Request
[1593736335.002616]:Request
[1593736335.002621]:Request
[1593736335.002623]:Request
[1593736335.002631]:Request
[1593736335.002754]:Request
[1593736335.002765]:Request
[1593736335.002757]:Request
[1593736335.002760]:Request
[1593736335.002754]:Request
[1593736335.002771]:Request
[1593736335.002815]:Request
[1593736335.202754]:Request
[1593736335.202776]:Request
[1593736335.202764]:Request
[1593736335.202769]:Request
[1593736335.202880]:Request
[1593736335.202892]:Request
[1593736335.202884]:Request
[1593736335.202886]:Request
[1593736335.202881]:Request
[1593736335.202942]:Request
[1593736335.202931]:Request
[1593736335.402890]:Request
[1593736335.402912]:Request
[1593736335.402901]:Request
[1593736335.402905]:Request
[1593736335.403006]:Request
[1593736335.403017]:Request
[1593736335.403009]:Request
[1593736335.403011]:Request
[1593736335.403006]:Request
[1593736335.403023]:Request
[1593736335.403068]:Request
[1593736335.603025]:Request
[1593736335.603056]:Request
[1593736335.603074]:Request
[1593736335.603088]:Request
[1593736335.603134]:Request
[1593736335.603134]:Request
[1593736335.603139]:Request
[1593736335.603141]:Request
[1593736335.603149]:Request
[1593736335.603194]:Request
[1593736335.603154]:Request
[1593736335.803168]:Request
[1593736335.803168]:Request
[1593736335.803174]:Request
[1593736335.803181]:Request
[1593736335.803260]:Request
[1593736335.803274]:Request
[1593736335.803266]:Request
[1593736335.803268]:Request
[1593736335.803278]:Request
[1593736335.803260]:Request
[1593736335.803325]:Request
[1593736336.003302]:Request
[1593736336.003323]:Request
[1593736336.003319]:Request
[1593736336.003330]:Request
[1593736336.003390]:Request
[1593736336.003401]:Request
[1593736336.003393]:Request
[1593736336.003395]:Request
[1593736336.003405]:Request
[1593736336.003448]:Request
[1593736336.003390]:Request
[1593736336.203441]:Request
[1593736336.203450]:Request
[1593736336.203455]:Request
[1593736336.203516]:Request
[1593736336.203528]:Request
[1593736336.203519]:Request
[1593736336.203522]:Request
[1593736336.203516]:Request
[1593736336.203575]:Request
[1593736336.203533]:Request
[1593736336.403577]:Request
[1593736336.403588]:Request
[1593736336.403596]:Request
[1593736336.403645]:Request
[1593736336.403656]:Request
[1593736336.403648]:Request
[1593736336.403651]:Request
[1593736336.403660]:Request
[1593736336.403645]:Request
[1593736336.403706]:Request
[1593736336.603713]:Request
[1593736336.603736]:Request
[1593736336.603737]:Request
[1593736336.603741]:Request
[1593736336.603744]:Request
[1593736336.603784]:Request
[1593736336.603795]:Request
[1593736336.603782]:Request
[1593736336.603793]:Request
[1593736336.603802]:Request
[1593736336.803850]:Request
[1593736336.803850]:Request
[1593736336.803855]:Request
[1593736336.803857]:Request
[1593736336.803864]:Request
[1593736336.803870]:Request
[1593736336.803910]:Request
[1593736336.803911]:Request
[1593736336.803913]:Request
[1593736336.803915]:Request
[1593736337.003989]:Request
[1593736337.004002]:Request
[1593736337.004007]:Request
[1593736337.004010]:Request
[1593736337.004022]:Request
[1593736337.004051]:Request
[1593736337.004054]:Request
[1593736337.004060]:Request
[1593736337.004062]:Request
[1593736337.204129]:Request
[1593736337.204151]:Request
[1593736337.204146]:Request
[1593736337.204156]:Request
[1593736337.204191]:Request
[1593736337.204201]:Request
[1593736337.204212]:Request
[1593736337.204189]:Request
[1593736337.204164]:Request
[1593736337.404272]:Request
[1593736337.404272]:Request
[1593736337.404332]:Request
[1593736337.404280]:Request
[1593736337.404287]:Request
[1593736337.404293]:Request
[1593736337.404278]:Request
[1593736337.404338]:Request
[1593736337.404354]:Request
[1593736337.604412]:Request
[1593736337.604412]:Request
[1593736337.604422]:Request
[1593736337.604448]:Request
[1593736337.604483]:Request
[1593736337.604454]:Request
[1593736337.604481]:Request
[1593736337.604451]:Request
[1593736337.604506]:Request
[1593736337.804551]:Request
[1593736337.804579]:Request
[1593736337.804560]:Request
[1593736337.804611]:Request
[1593736337.804584]:Request
[1593736337.804551]:Request
[1593736337.804605]:Request
[1593736337.804581]:Request
[1593736337.804641]:Request
[1593736338.004689]:Request
[1593736338.004708]:Request
[1593736338.004723]:Request
[1593736338.004718]:Request
[1593736338.004746]:Request
[1593736338.004748]:Request
[1593736338.004760]:Request
[1593736338.004763]:Request
[1593736338.204823]:Request
[1593736338.204841]:Request
[1593736338.204846]:Request
[1593736338.204854]:Request
[1593736338.204863]:Request
[1593736338.204896]:Request
[1593736338.204880]:Request
[1593736338.204877]:Request
[1593736338.404957]:Request
[1593736338.404957]:Request
[1593736338.404963]:Request
[1593736338.405012]:Request
[1593736338.404976]:Request
[1593736338.405037]:Request
[1593736338.404970]:Request
[1593736338.405018]:Request
[1593736338.605097]:Request
[1593736338.605106]:Request
[1593736338.605110]:Request
[1593736338.605118]:Request
[1593736338.605121]:Request
[1593736338.605126]:Request
[1593736338.605160]:Request
[1593736338.605167]:Request
[1593736338.805247]:Request
[1593736338.805268]:Request
[1593736338.805272]:Request
[1593736338.805263]:Request
[1593736338.805301]:Request
[1593736338.805304]:Request
[1593736338.805330]:Request
[1593736339.005388]:Request
[1593736339.005392]:Request
[1593736339.005397]:Request
[1593736339.005399]:Request
[1593736339.005453]:Request
[1593736339.005445]:Request
[1593736339.005406]:Request
[1593736339.205532]:Request
[1593736339.205532]:Request
[1593736339.205537]:Request
[1593736339.205540]:Request
[1593736339.205547]:Request
[1593736339.205552]:Request
[1593736339.205600]:Request
[1593736339.405676]:Request
[1593736339.405676]:Request
[1593736339.405682]:Request
[1593736339.405685]:Request
[1593736339.405738]:Request
[1593736339.405697]:Request
[1593736339.405692]:Request
[1593736339.605818]:Request
[1593736339.605818]:Request
[1593736339.605823]:Request
[1593736339.605826]:Request
[1593736339.605834]:Request
[1593736339.605839]:Request
[1593736339.605878]:Request
[1593736339.805964]:Request
[1593736339.805965]:Request
[1593736339.805970]:Request
[1593736339.805973]:Request
[1593736339.805980]:Request
[1593736339.806022]:Request
[1593736340.006106]:Request
[1593736340.006106]:Request
[1593736340.006112]:Request
[1593736340.006115]:Request
[1593736340.006122]:Request
[1593736340.006127]:Request
[1593736340.206252]:Request
[1593736340.206253]:Request
[1593736340.206257]:Request
[1593736340.206260]:Request
[1593736340.206263]:Request
[1593736340.206270]:Request
[1593736340.406393]:Request
[1593736340.406393]:Request
[1593736340.406398]:Request
[1593736340.406401]:Request
[1593736340.406408]:Request
[1593736340.406413]:Request
[1593736340.606536]:Request
[1593736340.606536]:Request
[1593736340.606542]:Request
[1593736340.606545]:Request
[1593736340.606551]:Request
[1593736340.807265]:Request
[1593736340.807275]:Request
[1593736340.807282]:Request
[1593736340.807285]:Request
[1593736340.807265]:Request
[1593736341.007406]:Request
[1593736341.007408]:Request
[1593736341.007413]:Request
[1593736341.007415]:Request
[1593736341.007423]:Request
[1593736341.207550]:Request
[1593736341.207551]:Request
[1593736341.207555]:Request
[1593736341.207558]:Request
[1593736341.207565]:Request
[1593736341.407688]:Request
[1593736341.407688]:Request
[1593736341.407693]:Request
[1593736341.407695]:Request
[1593736341.407702]:Request
[1593736341.607827]:Request
[1593736341.607849]:Request
[1593736341.607842]:Request
[1593736341.607837]:Request
[1593736341.807967]:Request
[1593736341.807990]:Request
[1593736341.807983]:Request
[1593736341.807978]:Request
[1593736342.008107]:Request
[1593736342.008129]:Request
[1593736342.008141]:Request
[1593736342.008136]:Request
[1593736342.208241]:Request
[1593736342.208241]:Request
[1593736342.208246]:Request
[1593736342.208253]:Request
[1593736342.408380]:Request
[1593736342.408391]:Request
[1593736342.408396]:Request
[1593736342.608516]:Request
[1593736342.608538]:Request
[1593736342.608528]:Request
[1593736342.808656]:Request
[1593736342.808666]:Request
[1593736342.808676]:Request
[1593736343.008793]:Request
[1593736343.008815]:Request
[1593736343.008805]:Request
[1593736343.208927]:Request
[1593736343.208939]:Request
[1593736343.208943]:Request
[1593736343.409064]:Request
[1593736343.409074]:Request
[1593736343.609164]:Request
[1593736343.609174]:Request
[1593736343.809296]:Request
[1593736343.809308]:Request
[1593736344.009428]:Request
[1593736344.009439]:Request
[1593736344.209570]:Request
[1593736344.409698]:Request
[1593736344.609826]:Request
[1593736344.809955]:Request
[1593736344.998514]:Request
[1593736344.998514]:Request
[1593736344.998520]:Request
[1593736344.998586]:Request
[1593736344.998599]:Request
[1593736344.998608]:Request
[1593736344.998590]:Request
[1593736344.998595]:Request
[1593736344.998616]:Request
[1593736345.010082]:Request
[1593736345.198653]:Request
[1593736345.198675]:Request
[1593736345.198714]:Request
[1593736345.198729]:Request
[1593736345.198718]:Request
[1593736345.198722]:Request
[1593736345.198731]:Request
[1593736345.198715]:Request
[1593736345.210207]:Request
[1593736345.398788]:Request
[1593736345.398809]:Request
[1593736345.398842]:Request
[1593736345.398854]:Request
[1593736345.398867]:Request
[1593736345.398852]:Request
[1593736345.398845]:Request
[1593736345.398849]:Request
[1593736345.410332]:Request
[1593736345.598920]:Request
[1593736345.598941]:Request
[1593736345.598974]:Request
[1593736345.598988]:Request
[1593736345.598978]:Request
[1593736345.598981]:Request
[1593736345.598974]:Request
[1593736345.598991]:Request
[1593736345.610459]:Request
[1593736345.799052]:Request
[1593736345.799053]:Request
[1593736345.799057]:Request
[1593736345.799115]:Request
[1593736345.799129]:Request
[1593736345.799116]:Request
[1593736345.799119]:Request
[1593736345.799121]:Request
[1593736345.810606]:Request
[1593736345.898702]:Request
[1593736345.999186]:Request
[1593736345.999196]:Request
[1593736345.999239]:Request
[1593736345.999258]:Request
[1593736345.999243]:Request
[1593736345.999251]:Request
[1593736345.999239]:Request
[1593736346.010734]:Request
[1593736346.098829]:Request
[1593736346.199318]:Request
[1593736346.199335]:Request
[1593736346.199331]:Request
[1593736346.199379]:Request
[1593736346.199391]:Request
[1593736346.199391]:Request
[1593736346.199394]:Request
[1593736346.210857]:Request
[1593736346.298954]:Request
[1593736346.399449]:Request
[1593736346.399472]:Request
[1593736346.399464]:Request
[1593736346.399460]:Request
[1593736346.399512]:Request
[1593736346.399522]:Request
[1593736346.399524]:Request
[1593736346.410979]:Request
[1593736346.499084]:Request
[1593736346.599589]:Request
[1593736346.599610]:Request
[1593736346.599594]:Request
[1593736346.599597]:Request
[1593736346.599605]:Request
[1593736346.599590]:Request
[1593736346.599654]:Request
[1593736346.611112]:Request
[1593736346.699246]:Request
